<?xml version="1.0" encoding="UTF-8"?>
<!-- Generated by org.testng.reporters.JUnitXMLReporter -->
<testsuite ignored="4" hostname="Naveen-Thamatam" failures="0" tests="1" name="Default test" time="14.547" errors="0" timestamp="2024-01-03T22:44:05 IST">
  <testcase classname="actionsclassprogram.ActionsClass" name="keyboardfunctions" time="12.703"/>
  <testcase classname="actionsclassprogram.ActionsClass" name="doubleclick" time="0.0">
    <ignored/>
  </testcase> <!-- doubleclick -->
  <testcase classname="actionsclassprogram.ActionsClass" name="draganddrap" time="0.0">
    <ignored/>
  </testcase> <!-- draganddrap -->
  <testcase classname="actionsclassprogram.ActionsClass" name="mousehover" time="0.0">
    <ignored/>
  </testcase> <!-- mousehover -->
  <testcase classname="actionsclassprogram.ActionsClass" name="rightclick" time="0.0">
    <ignored/>
  </testcase> <!-- rightclick -->
</testsuite> <!-- Default test -->
