<?xml version="1.0" encoding="UTF-8"?>
<!-- Generated by org.testng.reporters.JUnitXMLReporter -->
<testsuite ignored="6" hostname="Naveen-Thamatam" failures="0" tests="2" name="Test" time="10.28" errors="0" timestamp="2024-01-03T20:46:45 IST">
  <testcase classname="testng.TestNG_8_Groups" name="redmine" time="4.508"/>
  <testcase classname="testng.TestNG_8_Groups" name="selenium" time="3.76"/>
  <testcase classname="testng.TestNG_8_Groups" name="google" time="0.0">
    <ignored/>
  </testcase> <!-- google -->
  <testcase classname="testng.TestNG_8_Groups" name="gmail" time="0.0">
    <ignored/>
  </testcase> <!-- gmail -->
  <testcase classname="testng.TestNG_8_Groups" name="twitter" time="0.0">
    <ignored/>
  </testcase> <!-- twitter -->
  <testcase classname="testng.TestNG_8_Groups" name="swiggy" time="0.0">
    <ignored/>
  </testcase> <!-- swiggy -->
  <testcase classname="testng.TestNG_8_Groups" name="zomato" time="0.0">
    <ignored/>
  </testcase> <!-- zomato -->
  <testcase classname="testng.TestNG_8_Groups" name="facebook" time="0.0">
    <ignored/>
  </testcase> <!-- facebook -->
</testsuite> <!-- Test -->
